trainset:(20,)
trainsetnum:(20,)
testset:(20,)
testsetnum:(20,)
testsetdata:(3454,)
testsetlabel:(3454,)
testsetdatanum:()
traindatamean:(100,)
data load done
OPW start
initialization done
update start
iteration:0
iteration:1
iteration:2
iteration:3
iteration:4
iteration:5
OPW lerning done
j:0
j:1
j:2
j:3
j:4
j:5
j:6
j:7
j:8
j:9
j:10
j:11
j:12
j:13
j:14
j:15
j:16
j:17
j:18
j:19
j:20
j:21
j:22
j:23
NaN distance!
NaN distance!
NaN distance!
j:24
j:25
j:26
j:27
j:28
j:29
j:30
j:31
j:32
j:33
j:34
j:35
j:36
j:37
j:38
j:39
j:40
j:41
j:42
j:43
j:44
j:45
j:46
j:47
j:48
j:49
j:50
j:51
j:52
j:53
j:54
j:55
j:56
j:57
j:58
j:59
j:60
j:61
j:62
j:63
j:64
j:65
j:66
j:67
j:68
j:69
j:70
j:71
j:72
j:73
j:74
j:75
j:76
j:77
j:78
j:79
j:80
j:81
j:82
j:83
j:84
j:85
j:86
j:87
j:88
j:89
j:90
j:91
j:92
j:93
j:94
j:95
j:96
j:97
j:98
j:99
j:100
j:101
j:102
j:103
j:104
j:105
j:106
j:107
j:108
j:109
j:110
j:111
j:112
j:113
j:114
j:115
j:116
j:117
j:118
j:119
j:120
j:121
j:122
j:123
j:124
j:125
j:126
j:127
j:128
j:129
j:130
j:131
j:132
j:133
j:134
j:135
j:136
j:137
j:138
j:139
j:140
j:141
j:142
j:143
j:144
j:145
j:146
j:147
j:148
j:149
j:150
j:151
j:152
j:153
j:154
j:155
j:156
j:157
j:158
j:159
j:160
j:161
j:162
j:163
j:164
j:165
j:166
j:167
j:168
j:169
j:170
j:171
j:172
j:173
j:174
j:175
j:176
j:177
j:178
j:179
j:180
j:181
j:182
j:183
j:184
NaN distance!
NaN distance!
j:185
j:186
j:187
j:188
j:189
j:190
j:191
j:192
j:193
j:194
j:195
j:196
j:197
j:198
j:199
j:200
j:201
j:202
j:203
j:204
j:205
j:206
j:207
j:208
j:209
j:210
j:211
j:212
j:213
j:214
j:215
j:216
j:217
j:218
j:219
j:220
j:221
j:222
j:223
j:224
j:225
j:226
j:227
j:228
j:229
j:230
j:231
j:232
j:233
j:234
j:235
j:236
j:237
j:238
j:239
j:240
j:241
j:242
j:243
j:244
j:245
j:246
j:247
j:248
j:249
j:250
j:251
j:252
j:253
j:254
j:255
j:256
j:257
j:258
j:259
j:260
j:261
j:262
j:263
j:264
j:265
j:266
j:267
j:268
j:269
j:270
j:271
j:272
j:273
j:274
j:275
j:276
j:277
j:278
j:279
j:280
j:281
j:282
j:283
j:284
j:285
j:286
j:287
j:288
j:289
j:290
j:291
j:292
j:293
j:294
j:295
j:296
j:297
j:298
j:299
j:300
j:301
j:302
j:303
j:304
j:305
j:306
j:307
j:308
j:309
j:310
j:311
j:312
j:313
j:314
j:315
j:316
j:317
j:318
j:319
j:320
j:321
j:322
j:323
j:324
j:325
j:326
j:327
j:328
j:329
j:330
j:331
j:332
j:333
j:334
j:335
j:336
j:337
j:338
j:339
j:340
j:341
j:342
j:343
j:344
j:345
j:346
j:347
j:348
j:349
j:350
NaN distance!
j:351
j:352
j:353
j:354
j:355
j:356
j:357
j:358
j:359
j:360
j:361
j:362
j:363
j:364
j:365
j:366
j:367
j:368
j:369
j:370
j:371
j:372
j:373
j:374
j:375
j:376
j:377
j:378
j:379
j:380
j:381
j:382
j:383
j:384
j:385
j:386
j:387
j:388
j:389
j:390
j:391
j:392
j:393
j:394
j:395
j:396
j:397
j:398
j:399
j:400
j:401
j:402
j:403
j:404
j:405
j:406
j:407
j:408
j:409
j:410
j:411
j:412
j:413
j:414
j:415
j:416
j:417
j:418
j:419
j:420
j:421
j:422
j:423
j:424
j:425
j:426
j:427
j:428
j:429
j:430
j:431
j:432
j:433
j:434
j:435
j:436
j:437
j:438
j:439
j:440
j:441
j:442
j:443
j:444
j:445
j:446
j:447
j:448
j:449
j:450
j:451
j:452
j:453
j:454
j:455
j:456
j:457
j:458
j:459
j:460
j:461
j:462
j:463
j:464
j:465
j:466
j:467
j:468
j:469
j:470
j:471
j:472
j:473
j:474
j:475
j:476
j:477
j:478
j:479
j:480
j:481
j:482
j:483
j:484
j:485
j:486
j:487
